2018-05-11 08:02:16 startup archives unpack
2018-05-11 08:02:17 install libisc-export95:amd64 <none> 1:9.9.5.dfsg-9+deb8u15
2018-05-11 08:02:17 status half-installed libisc-export95:amd64 1:9.9.5.dfsg-9+deb8u15
2018-05-11 08:02:17 status unpacked libisc-export95:amd64 1:9.9.5.dfsg-9+deb8u15
2018-05-11 08:02:17 status unpacked libisc-export95:amd64 1:9.9.5.dfsg-9+deb8u15
2018-05-11 08:02:17 install libdns-export100:amd64 <none> 1:9.9.5.dfsg-9+deb8u15
2018-05-11 08:02:17 status half-installed libdns-export100:amd64 1:9.9.5.dfsg-9+deb8u15
2018-05-11 08:02:17 status unpacked libdns-export100:amd64 1:9.9.5.dfsg-9+deb8u15
2018-05-11 08:02:17 status unpacked libdns-export100:amd64 1:9.9.5.dfsg-9+deb8u15
2018-05-11 08:02:17 install libisccfg-export90:amd64 <none> 1:9.9.5.dfsg-9+deb8u15
2018-05-11 08:02:17 status half-installed libisccfg-export90:amd64 1:9.9.5.dfsg-9+deb8u15
2018-05-11 08:02:17 status unpacked libisccfg-export90:amd64 1:9.9.5.dfsg-9+deb8u15
2018-05-11 08:02:17 status unpacked libisccfg-export90:amd64 1:9.9.5.dfsg-9+deb8u15
2018-05-11 08:02:17 install libirs-export91:amd64 <none> 1:9.9.5.dfsg-9+deb8u15
2018-05-11 08:02:17 status half-installed libirs-export91:amd64 1:9.9.5.dfsg-9+deb8u15
2018-05-11 08:02:17 status unpacked libirs-export91:amd64 1:9.9.5.dfsg-9+deb8u15
2018-05-11 08:02:17 status unpacked libirs-export91:amd64 1:9.9.5.dfsg-9+deb8u15
2018-05-11 08:02:17 install ifupdown:amd64 <none> 0.7.53.1
2018-05-11 08:02:17 status half-installed ifupdown:amd64 0.7.53.1
2018-05-11 08:02:17 status triggers-pending systemd:amd64 215-17+deb8u7
2018-05-11 08:02:17 status unpacked ifupdown:amd64 0.7.53.1
2018-05-11 08:02:17 status unpacked ifupdown:amd64 0.7.53.1
2018-05-11 08:02:17 install isc-dhcp-common:amd64 <none> 4.3.1-6+deb8u3
2018-05-11 08:02:17 status half-installed isc-dhcp-common:amd64 4.3.1-6+deb8u3
2018-05-11 08:02:17 status unpacked isc-dhcp-common:amd64 4.3.1-6+deb8u3
2018-05-11 08:02:17 status unpacked isc-dhcp-common:amd64 4.3.1-6+deb8u3
2018-05-11 08:02:17 install isc-dhcp-client:amd64 <none> 4.3.1-6+deb8u3
2018-05-11 08:02:17 status half-installed isc-dhcp-client:amd64 4.3.1-6+deb8u3
2018-05-11 08:02:17 status unpacked isc-dhcp-client:amd64 4.3.1-6+deb8u3
2018-05-11 08:02:17 status unpacked isc-dhcp-client:amd64 4.3.1-6+deb8u3
2018-05-11 08:02:17 install netbase:all <none> 5.3
2018-05-11 08:02:17 status half-installed netbase:all 5.3
2018-05-11 08:02:17 status unpacked netbase:all 5.3
2018-05-11 08:02:17 status unpacked netbase:all 5.3
2018-05-11 08:02:17 install telnet:amd64 <none> 0.17-36
2018-05-11 08:02:17 status half-installed telnet:amd64 0.17-36
2018-05-11 08:02:17 status unpacked telnet:amd64 0.17-36
2018-05-11 08:02:17 status unpacked telnet:amd64 0.17-36
2018-05-11 08:02:17 trigproc systemd:amd64 215-17+deb8u7 <none>
2018-05-11 08:02:17 status half-configured systemd:amd64 215-17+deb8u7
2018-05-11 08:02:17 status installed systemd:amd64 215-17+deb8u7
2018-05-11 08:02:18 startup packages configure
2018-05-11 08:02:18 configure libisc-export95:amd64 1:9.9.5.dfsg-9+deb8u15 <none>
2018-05-11 08:02:18 status unpacked libisc-export95:amd64 1:9.9.5.dfsg-9+deb8u15
2018-05-11 08:02:18 status half-configured libisc-export95:amd64 1:9.9.5.dfsg-9+deb8u15
2018-05-11 08:02:18 status installed libisc-export95:amd64 1:9.9.5.dfsg-9+deb8u15
2018-05-11 08:02:18 status triggers-pending libc-bin:amd64 2.19-18+deb8u10
2018-05-11 08:02:18 configure libdns-export100:amd64 1:9.9.5.dfsg-9+deb8u15 <none>
2018-05-11 08:02:18 status unpacked libdns-export100:amd64 1:9.9.5.dfsg-9+deb8u15
2018-05-11 08:02:18 status half-configured libdns-export100:amd64 1:9.9.5.dfsg-9+deb8u15
2018-05-11 08:02:18 status installed libdns-export100:amd64 1:9.9.5.dfsg-9+deb8u15
2018-05-11 08:02:18 configure libisccfg-export90:amd64 1:9.9.5.dfsg-9+deb8u15 <none>
2018-05-11 08:02:18 status unpacked libisccfg-export90:amd64 1:9.9.5.dfsg-9+deb8u15
2018-05-11 08:02:18 status half-configured libisccfg-export90:amd64 1:9.9.5.dfsg-9+deb8u15
2018-05-11 08:02:18 status installed libisccfg-export90:amd64 1:9.9.5.dfsg-9+deb8u15
2018-05-11 08:02:18 configure libirs-export91:amd64 1:9.9.5.dfsg-9+deb8u15 <none>
2018-05-11 08:02:18 status unpacked libirs-export91:amd64 1:9.9.5.dfsg-9+deb8u15
2018-05-11 08:02:18 status half-configured libirs-export91:amd64 1:9.9.5.dfsg-9+deb8u15
2018-05-11 08:02:18 status installed libirs-export91:amd64 1:9.9.5.dfsg-9+deb8u15
2018-05-11 08:02:18 configure ifupdown:amd64 0.7.53.1 <none>
2018-05-11 08:02:18 status unpacked ifupdown:amd64 0.7.53.1
2018-05-11 08:02:18 status unpacked ifupdown:amd64 0.7.53.1
2018-05-11 08:02:18 status triggers-pending systemd:amd64 215-17+deb8u7
2018-05-11 08:02:18 status unpacked ifupdown:amd64 0.7.53.1
2018-05-11 08:02:18 status unpacked ifupdown:amd64 0.7.53.1
2018-05-11 08:02:18 status unpacked ifupdown:amd64 0.7.53.1
2018-05-11 08:02:18 status unpacked ifupdown:amd64 0.7.53.1
2018-05-11 08:02:18 status unpacked ifupdown:amd64 0.7.53.1
2018-05-11 08:02:18 status unpacked ifupdown:amd64 0.7.53.1
2018-05-11 08:02:18 status unpacked ifupdown:amd64 0.7.53.1
2018-05-11 08:02:18 status half-configured ifupdown:amd64 0.7.53.1
2018-05-11 08:02:18 status installed ifupdown:amd64 0.7.53.1
2018-05-11 08:02:18 configure isc-dhcp-common:amd64 4.3.1-6+deb8u3 <none>
2018-05-11 08:02:18 status unpacked isc-dhcp-common:amd64 4.3.1-6+deb8u3
2018-05-11 08:02:18 status half-configured isc-dhcp-common:amd64 4.3.1-6+deb8u3
2018-05-11 08:02:18 status installed isc-dhcp-common:amd64 4.3.1-6+deb8u3
2018-05-11 08:02:18 configure isc-dhcp-client:amd64 4.3.1-6+deb8u3 <none>
2018-05-11 08:02:18 status unpacked isc-dhcp-client:amd64 4.3.1-6+deb8u3
2018-05-11 08:02:18 status unpacked isc-dhcp-client:amd64 4.3.1-6+deb8u3
2018-05-11 08:02:18 status unpacked isc-dhcp-client:amd64 4.3.1-6+deb8u3
2018-05-11 08:02:18 status unpacked isc-dhcp-client:amd64 4.3.1-6+deb8u3
2018-05-11 08:02:18 status unpacked isc-dhcp-client:amd64 4.3.1-6+deb8u3
2018-05-11 08:02:18 status half-configured isc-dhcp-client:amd64 4.3.1-6+deb8u3
2018-05-11 08:02:18 status installed isc-dhcp-client:amd64 4.3.1-6+deb8u3
2018-05-11 08:02:18 configure netbase:all 5.3 <none>
2018-05-11 08:02:18 status unpacked netbase:all 5.3
2018-05-11 08:02:18 status unpacked netbase:all 5.3
2018-05-11 08:02:18 status unpacked netbase:all 5.3
2018-05-11 08:02:18 status unpacked netbase:all 5.3
2018-05-11 08:02:18 status half-configured netbase:all 5.3
2018-05-11 08:02:18 status installed netbase:all 5.3
2018-05-11 08:02:18 configure telnet:amd64 0.17-36 <none>
2018-05-11 08:02:18 status unpacked telnet:amd64 0.17-36
2018-05-11 08:02:18 status half-configured telnet:amd64 0.17-36
2018-05-11 08:02:19 status installed telnet:amd64 0.17-36
2018-05-11 08:02:19 trigproc libc-bin:amd64 2.19-18+deb8u10 <none>
2018-05-11 08:02:19 status half-configured libc-bin:amd64 2.19-18+deb8u10
2018-05-11 08:02:19 status installed libc-bin:amd64 2.19-18+deb8u10
2018-05-11 08:02:19 trigproc systemd:amd64 215-17+deb8u7 <none>
2018-05-11 08:02:19 status half-configured systemd:amd64 215-17+deb8u7
2018-05-11 08:02:19 status installed systemd:amd64 215-17+deb8u7
2018-05-11 08:02:20 startup packages configure
2018-05-11 08:20:12 startup archives unpack
2018-05-11 08:20:12 install libisc-export95:amd64 <none> 1:9.9.5.dfsg-9+deb8u15
2018-05-11 08:20:12 status half-installed libisc-export95:amd64 1:9.9.5.dfsg-9+deb8u15
2018-05-11 08:20:12 status unpacked libisc-export95:amd64 1:9.9.5.dfsg-9+deb8u15
2018-05-11 08:20:12 status unpacked libisc-export95:amd64 1:9.9.5.dfsg-9+deb8u15
2018-05-11 08:20:12 install libdns-export100:amd64 <none> 1:9.9.5.dfsg-9+deb8u15
2018-05-11 08:20:12 status half-installed libdns-export100:amd64 1:9.9.5.dfsg-9+deb8u15
2018-05-11 08:20:12 status unpacked libdns-export100:amd64 1:9.9.5.dfsg-9+deb8u15
2018-05-11 08:20:12 status unpacked libdns-export100:amd64 1:9.9.5.dfsg-9+deb8u15
2018-05-11 08:20:12 install libisccfg-export90:amd64 <none> 1:9.9.5.dfsg-9+deb8u15
2018-05-11 08:20:12 status half-installed libisccfg-export90:amd64 1:9.9.5.dfsg-9+deb8u15
2018-05-11 08:20:12 status unpacked libisccfg-export90:amd64 1:9.9.5.dfsg-9+deb8u15
2018-05-11 08:20:12 status unpacked libisccfg-export90:amd64 1:9.9.5.dfsg-9+deb8u15
2018-05-11 08:20:12 install libirs-export91:amd64 <none> 1:9.9.5.dfsg-9+deb8u15
2018-05-11 08:20:12 status half-installed libirs-export91:amd64 1:9.9.5.dfsg-9+deb8u15
2018-05-11 08:20:12 status unpacked libirs-export91:amd64 1:9.9.5.dfsg-9+deb8u15
2018-05-11 08:20:12 status unpacked libirs-export91:amd64 1:9.9.5.dfsg-9+deb8u15
2018-05-11 08:20:12 install ifupdown:amd64 <none> 0.7.53.1
2018-05-11 08:20:12 status half-installed ifupdown:amd64 0.7.53.1
2018-05-11 08:20:12 status triggers-pending systemd:amd64 215-17+deb8u7
2018-05-11 08:20:12 status unpacked ifupdown:amd64 0.7.53.1
2018-05-11 08:20:12 status unpacked ifupdown:amd64 0.7.53.1
2018-05-11 08:20:12 install isc-dhcp-common:amd64 <none> 4.3.1-6+deb8u3
2018-05-11 08:20:12 status half-installed isc-dhcp-common:amd64 4.3.1-6+deb8u3
2018-05-11 08:20:12 status unpacked isc-dhcp-common:amd64 4.3.1-6+deb8u3
2018-05-11 08:20:12 status unpacked isc-dhcp-common:amd64 4.3.1-6+deb8u3
2018-05-11 08:20:13 install isc-dhcp-client:amd64 <none> 4.3.1-6+deb8u3
2018-05-11 08:20:13 status half-installed isc-dhcp-client:amd64 4.3.1-6+deb8u3
2018-05-11 08:20:13 status unpacked isc-dhcp-client:amd64 4.3.1-6+deb8u3
2018-05-11 08:20:13 status unpacked isc-dhcp-client:amd64 4.3.1-6+deb8u3
2018-05-11 08:20:13 install netbase:all <none> 5.3
2018-05-11 08:20:13 status half-installed netbase:all 5.3
2018-05-11 08:20:13 status unpacked netbase:all 5.3
2018-05-11 08:20:13 status unpacked netbase:all 5.3
2018-05-11 08:20:13 install telnet:amd64 <none> 0.17-36
2018-05-11 08:20:13 status half-installed telnet:amd64 0.17-36
2018-05-11 08:20:13 status unpacked telnet:amd64 0.17-36
2018-05-11 08:20:13 status unpacked telnet:amd64 0.17-36
2018-05-11 08:20:13 trigproc systemd:amd64 215-17+deb8u7 <none>
2018-05-11 08:20:13 status half-configured systemd:amd64 215-17+deb8u7
2018-05-11 08:20:13 status installed systemd:amd64 215-17+deb8u7
2018-05-11 08:20:13 startup packages configure
2018-05-11 08:20:13 configure libisc-export95:amd64 1:9.9.5.dfsg-9+deb8u15 <none>
2018-05-11 08:20:13 status unpacked libisc-export95:amd64 1:9.9.5.dfsg-9+deb8u15
2018-05-11 08:20:13 status half-configured libisc-export95:amd64 1:9.9.5.dfsg-9+deb8u15
2018-05-11 08:20:13 status installed libisc-export95:amd64 1:9.9.5.dfsg-9+deb8u15
2018-05-11 08:20:13 status triggers-pending libc-bin:amd64 2.19-18+deb8u10
2018-05-11 08:20:13 configure libdns-export100:amd64 1:9.9.5.dfsg-9+deb8u15 <none>
2018-05-11 08:20:13 status unpacked libdns-export100:amd64 1:9.9.5.dfsg-9+deb8u15
2018-05-11 08:20:13 status half-configured libdns-export100:amd64 1:9.9.5.dfsg-9+deb8u15
2018-05-11 08:20:13 status installed libdns-export100:amd64 1:9.9.5.dfsg-9+deb8u15
2018-05-11 08:20:13 configure libisccfg-export90:amd64 1:9.9.5.dfsg-9+deb8u15 <none>
2018-05-11 08:20:13 status unpacked libisccfg-export90:amd64 1:9.9.5.dfsg-9+deb8u15
2018-05-11 08:20:13 status half-configured libisccfg-export90:amd64 1:9.9.5.dfsg-9+deb8u15
2018-05-11 08:20:13 status installed libisccfg-export90:amd64 1:9.9.5.dfsg-9+deb8u15
2018-05-11 08:20:13 configure libirs-export91:amd64 1:9.9.5.dfsg-9+deb8u15 <none>
2018-05-11 08:20:13 status unpacked libirs-export91:amd64 1:9.9.5.dfsg-9+deb8u15
2018-05-11 08:20:13 status half-configured libirs-export91:amd64 1:9.9.5.dfsg-9+deb8u15
2018-05-11 08:20:13 status installed libirs-export91:amd64 1:9.9.5.dfsg-9+deb8u15
2018-05-11 08:20:13 configure ifupdown:amd64 0.7.53.1 <none>
2018-05-11 08:20:13 status unpacked ifupdown:amd64 0.7.53.1
2018-05-11 08:20:13 status unpacked ifupdown:amd64 0.7.53.1
2018-05-11 08:20:13 status triggers-pending systemd:amd64 215-17+deb8u7
2018-05-11 08:20:13 status unpacked ifupdown:amd64 0.7.53.1
2018-05-11 08:20:13 status unpacked ifupdown:amd64 0.7.53.1
2018-05-11 08:20:13 status unpacked ifupdown:amd64 0.7.53.1
2018-05-11 08:20:13 status unpacked ifupdown:amd64 0.7.53.1
2018-05-11 08:20:13 status unpacked ifupdown:amd64 0.7.53.1
2018-05-11 08:20:13 status unpacked ifupdown:amd64 0.7.53.1
2018-05-11 08:20:13 status unpacked ifupdown:amd64 0.7.53.1
2018-05-11 08:20:13 status half-configured ifupdown:amd64 0.7.53.1
2018-05-11 08:20:14 status installed ifupdown:amd64 0.7.53.1
2018-05-11 08:20:14 configure isc-dhcp-common:amd64 4.3.1-6+deb8u3 <none>
2018-05-11 08:20:14 status unpacked isc-dhcp-common:amd64 4.3.1-6+deb8u3
2018-05-11 08:20:14 status half-configured isc-dhcp-common:amd64 4.3.1-6+deb8u3
2018-05-11 08:20:14 status installed isc-dhcp-common:amd64 4.3.1-6+deb8u3
2018-05-11 08:20:14 configure isc-dhcp-client:amd64 4.3.1-6+deb8u3 <none>
2018-05-11 08:20:14 status unpacked isc-dhcp-client:amd64 4.3.1-6+deb8u3
2018-05-11 08:20:14 status unpacked isc-dhcp-client:amd64 4.3.1-6+deb8u3
2018-05-11 08:20:14 status unpacked isc-dhcp-client:amd64 4.3.1-6+deb8u3
2018-05-11 08:20:14 status unpacked isc-dhcp-client:amd64 4.3.1-6+deb8u3
2018-05-11 08:20:14 status unpacked isc-dhcp-client:amd64 4.3.1-6+deb8u3
2018-05-11 08:20:14 status half-configured isc-dhcp-client:amd64 4.3.1-6+deb8u3
2018-05-11 08:20:14 status installed isc-dhcp-client:amd64 4.3.1-6+deb8u3
2018-05-11 08:20:14 configure netbase:all 5.3 <none>
2018-05-11 08:20:14 status unpacked netbase:all 5.3
2018-05-11 08:20:14 status unpacked netbase:all 5.3
2018-05-11 08:20:14 status unpacked netbase:all 5.3
2018-05-11 08:20:14 status unpacked netbase:all 5.3
2018-05-11 08:20:14 status half-configured netbase:all 5.3
2018-05-11 08:20:14 status installed netbase:all 5.3
2018-05-11 08:20:14 configure telnet:amd64 0.17-36 <none>
2018-05-11 08:20:14 status unpacked telnet:amd64 0.17-36
2018-05-11 08:20:14 status half-configured telnet:amd64 0.17-36
2018-05-11 08:20:14 status installed telnet:amd64 0.17-36
2018-05-11 08:20:14 trigproc libc-bin:amd64 2.19-18+deb8u10 <none>
2018-05-11 08:20:14 status half-configured libc-bin:amd64 2.19-18+deb8u10
2018-05-11 08:20:14 status installed libc-bin:amd64 2.19-18+deb8u10
2018-05-11 08:20:14 trigproc systemd:amd64 215-17+deb8u7 <none>
2018-05-11 08:20:14 status half-configured systemd:amd64 215-17+deb8u7
2018-05-11 08:20:14 status installed systemd:amd64 215-17+deb8u7
2018-05-11 08:20:15 startup packages configure
2018-05-11 08:42:02 startup archives unpack
2018-05-11 08:42:02 install libdbi-perl:amd64 <none> 1.631-3+b1
2018-05-11 08:42:02 status half-installed libdbi-perl:amd64 1.631-3+b1
2018-05-11 08:42:02 status unpacked libdbi-perl:amd64 1.631-3+b1
2018-05-11 08:42:02 status unpacked libdbi-perl:amd64 1.631-3+b1
2018-05-11 08:42:02 install libdbd-mysql-perl:amd64 <none> 4.028-2+deb8u2
2018-05-11 08:42:02 status half-installed libdbd-mysql-perl:amd64 4.028-2+deb8u2
2018-05-11 08:42:02 status unpacked libdbd-mysql-perl:amd64 4.028-2+deb8u2
2018-05-11 08:42:02 status unpacked libdbd-mysql-perl:amd64 4.028-2+deb8u2
2018-05-11 08:42:02 install libterm-readkey-perl:amd64 <none> 2.32-1+b1
2018-05-11 08:42:02 status half-installed libterm-readkey-perl:amd64 2.32-1+b1
2018-05-11 08:42:02 status unpacked libterm-readkey-perl:amd64 2.32-1+b1
2018-05-11 08:42:02 status unpacked libterm-readkey-perl:amd64 2.32-1+b1
2018-05-11 08:42:02 install mysql-client-5.5:amd64 <none> 5.5.60-0+deb8u1
2018-05-11 08:42:02 status half-installed mysql-client-5.5:amd64 5.5.60-0+deb8u1
2018-05-11 08:42:03 status unpacked mysql-client-5.5:amd64 5.5.60-0+deb8u1
2018-05-11 08:42:03 status unpacked mysql-client-5.5:amd64 5.5.60-0+deb8u1
2018-05-11 08:42:03 install mysql-client:all <none> 5.5.60-0+deb8u1
2018-05-11 08:42:03 status half-installed mysql-client:all 5.5.60-0+deb8u1
2018-05-11 08:42:03 status unpacked mysql-client:all 5.5.60-0+deb8u1
2018-05-11 08:42:03 status unpacked mysql-client:all 5.5.60-0+deb8u1
2018-05-11 08:42:04 startup packages configure
2018-05-11 08:42:04 configure libdbi-perl:amd64 1.631-3+b1 <none>
2018-05-11 08:42:04 status unpacked libdbi-perl:amd64 1.631-3+b1
2018-05-11 08:42:04 status half-configured libdbi-perl:amd64 1.631-3+b1
2018-05-11 08:42:04 status installed libdbi-perl:amd64 1.631-3+b1
2018-05-11 08:42:04 configure libdbd-mysql-perl:amd64 4.028-2+deb8u2 <none>
2018-05-11 08:42:04 status unpacked libdbd-mysql-perl:amd64 4.028-2+deb8u2
2018-05-11 08:42:04 status half-configured libdbd-mysql-perl:amd64 4.028-2+deb8u2
2018-05-11 08:42:04 status installed libdbd-mysql-perl:amd64 4.028-2+deb8u2
2018-05-11 08:42:04 configure libterm-readkey-perl:amd64 2.32-1+b1 <none>
2018-05-11 08:42:04 status unpacked libterm-readkey-perl:amd64 2.32-1+b1
2018-05-11 08:42:04 status half-configured libterm-readkey-perl:amd64 2.32-1+b1
2018-05-11 08:42:04 status installed libterm-readkey-perl:amd64 2.32-1+b1
2018-05-11 08:42:04 configure mysql-client-5.5:amd64 5.5.60-0+deb8u1 <none>
2018-05-11 08:42:04 status unpacked mysql-client-5.5:amd64 5.5.60-0+deb8u1
2018-05-11 08:42:04 status half-configured mysql-client-5.5:amd64 5.5.60-0+deb8u1
2018-05-11 08:42:04 status installed mysql-client-5.5:amd64 5.5.60-0+deb8u1
2018-05-11 08:42:04 configure mysql-client:all 5.5.60-0+deb8u1 <none>
2018-05-11 08:42:04 status unpacked mysql-client:all 5.5.60-0+deb8u1
2018-05-11 08:42:04 status half-configured mysql-client:all 5.5.60-0+deb8u1
2018-05-11 08:42:04 status installed mysql-client:all 5.5.60-0+deb8u1
2018-05-11 08:42:04 startup packages configure
2018-05-11 10:18:40 startup archives unpack
2018-05-11 10:18:40 install libpipeline1:amd64 <none> 1.4.0-1
2018-05-11 10:18:40 status half-installed libpipeline1:amd64 1.4.0-1
2018-05-11 10:18:40 status unpacked libpipeline1:amd64 1.4.0-1
2018-05-11 10:18:40 status unpacked libpipeline1:amd64 1.4.0-1
2018-05-11 10:18:40 install groff-base:amd64 <none> 1.22.2-8
2018-05-11 10:18:40 status half-installed groff-base:amd64 1.22.2-8
2018-05-11 10:18:40 status unpacked groff-base:amd64 1.22.2-8
2018-05-11 10:18:40 status unpacked groff-base:amd64 1.22.2-8
2018-05-11 10:18:40 install bsdmainutils:amd64 <none> 9.0.6
2018-05-11 10:18:40 status half-installed bsdmainutils:amd64 9.0.6
2018-05-11 10:18:40 status unpacked bsdmainutils:amd64 9.0.6
2018-05-11 10:18:40 status unpacked bsdmainutils:amd64 9.0.6
2018-05-11 10:18:40 install man-db:amd64 <none> 2.7.0.2-5
2018-05-11 10:18:40 status half-installed man-db:amd64 2.7.0.2-5
2018-05-11 10:18:41 status unpacked man-db:amd64 2.7.0.2-5
2018-05-11 10:18:41 status unpacked man-db:amd64 2.7.0.2-5
2018-05-11 10:18:41 install libasprintf0c2:amd64 <none> 0.19.3-2
2018-05-11 10:18:41 status half-installed libasprintf0c2:amd64 0.19.3-2
2018-05-11 10:18:41 status unpacked libasprintf0c2:amd64 0.19.3-2
2018-05-11 10:18:41 status unpacked libasprintf0c2:amd64 0.19.3-2
2018-05-11 10:18:41 install libapr1:amd64 <none> 1.5.1-3
2018-05-11 10:18:41 status half-installed libapr1:amd64 1.5.1-3
2018-05-11 10:18:41 status unpacked libapr1:amd64 1.5.1-3
2018-05-11 10:18:41 status unpacked libapr1:amd64 1.5.1-3
2018-05-11 10:18:41 install libexpat1:amd64 <none> 2.1.0-6+deb8u4
2018-05-11 10:18:41 status half-installed libexpat1:amd64 2.1.0-6+deb8u4
2018-05-11 10:18:41 status unpacked libexpat1:amd64 2.1.0-6+deb8u4
2018-05-11 10:18:41 status unpacked libexpat1:amd64 2.1.0-6+deb8u4
2018-05-11 10:18:41 install libaprutil1:amd64 <none> 1.5.4-1
2018-05-11 10:18:41 status half-installed libaprutil1:amd64 1.5.4-1
2018-05-11 10:18:41 status unpacked libaprutil1:amd64 1.5.4-1
2018-05-11 10:18:41 status unpacked libaprutil1:amd64 1.5.4-1
2018-05-11 10:18:41 install libcroco3:amd64 <none> 0.6.8-3+b1
2018-05-11 10:18:41 status half-installed libcroco3:amd64 0.6.8-3+b1
2018-05-11 10:18:41 status unpacked libcroco3:amd64 0.6.8-3+b1
2018-05-11 10:18:41 status unpacked libcroco3:amd64 0.6.8-3+b1
2018-05-11 10:18:41 install libsctp1:amd64 <none> 1.0.16+dfsg-2
2018-05-11 10:18:41 status half-installed libsctp1:amd64 1.0.16+dfsg-2
2018-05-11 10:18:41 status unpacked libsctp1:amd64 1.0.16+dfsg-2
2018-05-11 10:18:41 status unpacked libsctp1:amd64 1.0.16+dfsg-2
2018-05-11 10:18:41 install libunistring0:amd64 <none> 0.9.3-5.2+b1
2018-05-11 10:18:41 status half-installed libunistring0:amd64 0.9.3-5.2+b1
2018-05-11 10:18:41 status unpacked libunistring0:amd64 0.9.3-5.2+b1
2018-05-11 10:18:41 status unpacked libunistring0:amd64 0.9.3-5.2+b1
2018-05-11 10:18:41 install bzip2:amd64 <none> 1.0.6-7+b3
2018-05-11 10:18:41 status half-installed bzip2:amd64 1.0.6-7+b3
2018-05-11 10:18:41 status unpacked bzip2:amd64 1.0.6-7+b3
2018-05-11 10:18:41 status unpacked bzip2:amd64 1.0.6-7+b3
2018-05-11 10:18:41 install gettext-base:amd64 <none> 0.19.3-2
2018-05-11 10:18:41 status half-installed gettext-base:amd64 0.19.3-2
2018-05-11 10:18:41 status unpacked gettext-base:amd64 0.19.3-2
2018-05-11 10:18:41 status unpacked gettext-base:amd64 0.19.3-2
2018-05-11 10:18:41 install patch:amd64 <none> 2.7.5-1
2018-05-11 10:18:41 status half-installed patch:amd64 2.7.5-1
2018-05-11 10:18:41 status unpacked patch:amd64 2.7.5-1
2018-05-11 10:18:41 status unpacked patch:amd64 2.7.5-1
2018-05-11 10:18:41 install xz-utils:amd64 <none> 5.1.1alpha+20120614-2+b3
2018-05-11 10:18:41 status half-installed xz-utils:amd64 5.1.1alpha+20120614-2+b3
2018-05-11 10:18:41 status unpacked xz-utils:amd64 5.1.1alpha+20120614-2+b3
2018-05-11 10:18:41 status unpacked xz-utils:amd64 5.1.1alpha+20120614-2+b3
2018-05-11 10:18:41 install uuid-dev:amd64 <none> 2.25.2-6
2018-05-11 10:18:41 status half-installed uuid-dev:amd64 2.25.2-6
2018-05-11 10:18:41 status unpacked uuid-dev:amd64 2.25.2-6
2018-05-11 10:18:41 status unpacked uuid-dev:amd64 2.25.2-6
2018-05-11 10:18:41 install libsctp-dev:amd64 <none> 1.0.16+dfsg-2
2018-05-11 10:18:41 status half-installed libsctp-dev:amd64 1.0.16+dfsg-2
2018-05-11 10:18:41 status unpacked libsctp-dev:amd64 1.0.16+dfsg-2
2018-05-11 10:18:41 status unpacked libsctp-dev:amd64 1.0.16+dfsg-2
2018-05-11 10:18:41 install libapr1-dev:amd64 <none> 1.5.1-3
2018-05-11 10:18:41 status half-installed libapr1-dev:amd64 1.5.1-3
2018-05-11 10:18:42 status unpacked libapr1-dev:amd64 1.5.1-3
2018-05-11 10:18:42 status unpacked libapr1-dev:amd64 1.5.1-3
2018-05-11 10:18:42 install libldap2-dev:amd64 <none> 2.4.40+dfsg-1+deb8u3
2018-05-11 10:18:42 status half-installed libldap2-dev:amd64 2.4.40+dfsg-1+deb8u3
2018-05-11 10:18:42 status unpacked libldap2-dev:amd64 2.4.40+dfsg-1+deb8u3
2018-05-11 10:18:42 status unpacked libldap2-dev:amd64 2.4.40+dfsg-1+deb8u3
2018-05-11 10:18:42 install libexpat1-dev:amd64 <none> 2.1.0-6+deb8u4
2018-05-11 10:18:42 status half-installed libexpat1-dev:amd64 2.1.0-6+deb8u4
2018-05-11 10:18:42 status unpacked libexpat1-dev:amd64 2.1.0-6+deb8u4
2018-05-11 10:18:42 status unpacked libexpat1-dev:amd64 2.1.0-6+deb8u4
2018-05-11 10:18:42 install libaprutil1-dev:amd64 <none> 1.5.4-1
2018-05-11 10:18:42 status half-installed libaprutil1-dev:amd64 1.5.4-1
2018-05-11 10:18:42 status unpacked libaprutil1-dev:amd64 1.5.4-1
2018-05-11 10:18:42 status unpacked libaprutil1-dev:amd64 1.5.4-1
2018-05-11 10:18:42 install libtimedate-perl:all <none> 2.3000-2
2018-05-11 10:18:42 status half-installed libtimedate-perl:all 2.3000-2
2018-05-11 10:18:42 status unpacked libtimedate-perl:all 2.3000-2
2018-05-11 10:18:42 status unpacked libtimedate-perl:all 2.3000-2
2018-05-11 10:18:42 install libdpkg-perl:all <none> 1.17.27
2018-05-11 10:18:42 status half-installed libdpkg-perl:all 1.17.27
2018-05-11 10:18:42 status unpacked libdpkg-perl:all 1.17.27
2018-05-11 10:18:42 status unpacked libdpkg-perl:all 1.17.27
2018-05-11 10:18:42 install dpkg-dev:all <none> 1.17.27
2018-05-11 10:18:42 status half-installed dpkg-dev:all 1.17.27
2018-05-11 10:18:42 status unpacked dpkg-dev:all 1.17.27
2018-05-11 10:18:42 status unpacked dpkg-dev:all 1.17.27
2018-05-11 10:18:42 install gettext:amd64 <none> 0.19.3-2
2018-05-11 10:18:42 status half-installed gettext:amd64 0.19.3-2
2018-05-11 10:18:42 status unpacked gettext:amd64 0.19.3-2
2018-05-11 10:18:42 status unpacked gettext:amd64 0.19.3-2
2018-05-11 10:18:42 install intltool-debian:all <none> 0.35.0+20060710.1
2018-05-11 10:18:42 status half-installed intltool-debian:all 0.35.0+20060710.1
2018-05-11 10:18:43 status unpacked intltool-debian:all 0.35.0+20060710.1
2018-05-11 10:18:43 status unpacked intltool-debian:all 0.35.0+20060710.1
2018-05-11 10:18:43 install po-debconf:all <none> 1.0.16+nmu3
2018-05-11 10:18:43 status half-installed po-debconf:all 1.0.16+nmu3
2018-05-11 10:18:43 status unpacked po-debconf:all 1.0.16+nmu3
2018-05-11 10:18:43 status unpacked po-debconf:all 1.0.16+nmu3
2018-05-11 10:18:43 install debhelper:all <none> 9.20150101+deb8u2
2018-05-11 10:18:43 status half-installed debhelper:all 9.20150101+deb8u2
2018-05-11 10:18:43 status unpacked debhelper:all 9.20150101+deb8u2
2018-05-11 10:18:43 status unpacked debhelper:all 9.20150101+deb8u2
2018-05-11 10:18:43 install apache2-dev:amd64 <none> 2.4.10-10+deb8u12
2018-05-11 10:18:43 status half-installed apache2-dev:amd64 2.4.10-10+deb8u12
2018-05-11 10:18:43 status unpacked apache2-dev:amd64 2.4.10-10+deb8u12
2018-05-11 10:18:43 status unpacked apache2-dev:amd64 2.4.10-10+deb8u12
2018-05-11 10:18:43 install autoconf2.13:all <none> 2.13-63
2018-05-11 10:18:43 status half-installed autoconf2.13:all 2.13-63
2018-05-11 10:18:43 status unpacked autoconf2.13:all 2.13-63
2018-05-11 10:18:43 status unpacked autoconf2.13:all 2.13-63
2018-05-11 10:18:43 install libcurl4-openssl-dev:amd64 <none> 7.38.0-4+deb8u10
2018-05-11 10:18:43 status half-installed libcurl4-openssl-dev:amd64 7.38.0-4+deb8u10
2018-05-11 10:18:43 status unpacked libcurl4-openssl-dev:amd64 7.38.0-4+deb8u10
2018-05-11 10:18:43 status unpacked libcurl4-openssl-dev:amd64 7.38.0-4+deb8u10
2018-05-11 10:18:43 install libtinfo-dev:amd64 <none> 5.9+20140913-1+deb8u2
2018-05-11 10:18:43 status half-installed libtinfo-dev:amd64 5.9+20140913-1+deb8u2
2018-05-11 10:18:43 status unpacked libtinfo-dev:amd64 5.9+20140913-1+deb8u2
2018-05-11 10:18:43 status unpacked libtinfo-dev:amd64 5.9+20140913-1+deb8u2
2018-05-11 10:18:43 install libreadline6-dev:amd64 <none> 6.3-8+b3
2018-05-11 10:18:43 status half-installed libreadline6-dev:amd64 6.3-8+b3
2018-05-11 10:18:43 status unpacked libreadline6-dev:amd64 6.3-8+b3
2018-05-11 10:18:43 status unpacked libreadline6-dev:amd64 6.3-8+b3
2018-05-11 10:18:43 install librecode-dev:amd64 <none> 3.6-21
2018-05-11 10:18:43 status half-installed librecode-dev:amd64 3.6-21
2018-05-11 10:18:43 status unpacked librecode-dev:amd64 3.6-21
2018-05-11 10:18:43 status unpacked librecode-dev:amd64 3.6-21
2018-05-11 10:18:43 install libsqlite3-dev:amd64 <none> 3.8.7.1-1+deb8u2
2018-05-11 10:18:43 status half-installed libsqlite3-dev:amd64 3.8.7.1-1+deb8u2
2018-05-11 10:18:43 status unpacked libsqlite3-dev:amd64 3.8.7.1-1+deb8u2
2018-05-11 10:18:43 status unpacked libsqlite3-dev:amd64 3.8.7.1-1+deb8u2
2018-05-11 10:18:43 install libssl-dev:amd64 <none> 1.0.1t-1+deb8u8
2018-05-11 10:18:43 status half-installed libssl-dev:amd64 1.0.1t-1+deb8u8
2018-05-11 10:18:43 status unpacked libssl-dev:amd64 1.0.1t-1+deb8u8
2018-05-11 10:18:43 status unpacked libssl-dev:amd64 1.0.1t-1+deb8u8
2018-05-11 10:18:43 install libxml2-dev:amd64 <none> 2.9.1+dfsg1-5+deb8u6
2018-05-11 10:18:43 status half-installed libxml2-dev:amd64 2.9.1+dfsg1-5+deb8u6
2018-05-11 10:18:44 status unpacked libxml2-dev:amd64 2.9.1+dfsg1-5+deb8u6
2018-05-11 10:18:44 status unpacked libxml2-dev:amd64 2.9.1+dfsg1-5+deb8u6
2018-05-11 10:18:44 startup packages configure
2018-05-11 10:18:44 configure libpipeline1:amd64 1.4.0-1 <none>
2018-05-11 10:18:44 status unpacked libpipeline1:amd64 1.4.0-1
2018-05-11 10:18:44 status half-configured libpipeline1:amd64 1.4.0-1
2018-05-11 10:18:44 status installed libpipeline1:amd64 1.4.0-1
2018-05-11 10:18:44 status triggers-pending libc-bin:amd64 2.19-18+deb8u10
2018-05-11 10:18:44 configure groff-base:amd64 1.22.2-8 <none>
2018-05-11 10:18:44 status unpacked groff-base:amd64 1.22.2-8
2018-05-11 10:18:44 status unpacked groff-base:amd64 1.22.2-8
2018-05-11 10:18:44 status unpacked groff-base:amd64 1.22.2-8
2018-05-11 10:18:44 status half-configured groff-base:amd64 1.22.2-8
2018-05-11 10:18:44 status installed groff-base:amd64 1.22.2-8
2018-05-11 10:18:44 configure bsdmainutils:amd64 9.0.6 <none>
2018-05-11 10:18:44 status unpacked bsdmainutils:amd64 9.0.6
2018-05-11 10:18:44 status unpacked bsdmainutils:amd64 9.0.6
2018-05-11 10:18:44 status unpacked bsdmainutils:amd64 9.0.6
2018-05-11 10:18:44 status unpacked bsdmainutils:amd64 9.0.6
2018-05-11 10:18:44 status half-configured bsdmainutils:amd64 9.0.6
2018-05-11 10:18:44 status installed bsdmainutils:amd64 9.0.6
2018-05-11 10:18:44 configure man-db:amd64 2.7.0.2-5 <none>
2018-05-11 10:18:44 status unpacked man-db:amd64 2.7.0.2-5
2018-05-11 10:18:44 status unpacked man-db:amd64 2.7.0.2-5
2018-05-11 10:18:44 status unpacked man-db:amd64 2.7.0.2-5
2018-05-11 10:18:44 status unpacked man-db:amd64 2.7.0.2-5
2018-05-11 10:18:44 status half-configured man-db:amd64 2.7.0.2-5
2018-05-11 10:18:59 status installed man-db:amd64 2.7.0.2-5
2018-05-11 10:18:59 configure libasprintf0c2:amd64 0.19.3-2 <none>
2018-05-11 10:18:59 status unpacked libasprintf0c2:amd64 0.19.3-2
2018-05-11 10:18:59 status half-configured libasprintf0c2:amd64 0.19.3-2
2018-05-11 10:18:59 status installed libasprintf0c2:amd64 0.19.3-2
2018-05-11 10:18:59 configure libapr1:amd64 1.5.1-3 <none>
2018-05-11 10:18:59 status unpacked libapr1:amd64 1.5.1-3
2018-05-11 10:18:59 status half-configured libapr1:amd64 1.5.1-3
2018-05-11 10:18:59 status installed libapr1:amd64 1.5.1-3
2018-05-11 10:18:59 configure libexpat1:amd64 2.1.0-6+deb8u4 <none>
2018-05-11 10:18:59 status unpacked libexpat1:amd64 2.1.0-6+deb8u4
2018-05-11 10:18:59 status half-configured libexpat1:amd64 2.1.0-6+deb8u4
2018-05-11 10:18:59 status installed libexpat1:amd64 2.1.0-6+deb8u4
2018-05-11 10:18:59 configure libaprutil1:amd64 1.5.4-1 <none>
2018-05-11 10:18:59 status unpacked libaprutil1:amd64 1.5.4-1
2018-05-11 10:18:59 status half-configured libaprutil1:amd64 1.5.4-1
2018-05-11 10:18:59 status installed libaprutil1:amd64 1.5.4-1
2018-05-11 10:18:59 configure libcroco3:amd64 0.6.8-3+b1 <none>
2018-05-11 10:18:59 status unpacked libcroco3:amd64 0.6.8-3+b1
2018-05-11 10:18:59 status half-configured libcroco3:amd64 0.6.8-3+b1
2018-05-11 10:18:59 status installed libcroco3:amd64 0.6.8-3+b1
2018-05-11 10:18:59 configure libsctp1:amd64 1.0.16+dfsg-2 <none>
2018-05-11 10:18:59 status unpacked libsctp1:amd64 1.0.16+dfsg-2
2018-05-11 10:18:59 status half-configured libsctp1:amd64 1.0.16+dfsg-2
2018-05-11 10:18:59 status installed libsctp1:amd64 1.0.16+dfsg-2
2018-05-11 10:18:59 configure libunistring0:amd64 0.9.3-5.2+b1 <none>
2018-05-11 10:18:59 status unpacked libunistring0:amd64 0.9.3-5.2+b1
2018-05-11 10:18:59 status half-configured libunistring0:amd64 0.9.3-5.2+b1
2018-05-11 10:18:59 status installed libunistring0:amd64 0.9.3-5.2+b1
2018-05-11 10:18:59 configure bzip2:amd64 1.0.6-7+b3 <none>
2018-05-11 10:18:59 status unpacked bzip2:amd64 1.0.6-7+b3
2018-05-11 10:18:59 status half-configured bzip2:amd64 1.0.6-7+b3
2018-05-11 10:18:59 status installed bzip2:amd64 1.0.6-7+b3
2018-05-11 10:18:59 configure gettext-base:amd64 0.19.3-2 <none>
2018-05-11 10:18:59 status unpacked gettext-base:amd64 0.19.3-2
2018-05-11 10:18:59 status half-configured gettext-base:amd64 0.19.3-2
2018-05-11 10:18:59 status installed gettext-base:amd64 0.19.3-2
2018-05-11 10:18:59 configure patch:amd64 2.7.5-1 <none>
2018-05-11 10:18:59 status unpacked patch:amd64 2.7.5-1
2018-05-11 10:18:59 status half-configured patch:amd64 2.7.5-1
2018-05-11 10:18:59 status installed patch:amd64 2.7.5-1
2018-05-11 10:18:59 configure xz-utils:amd64 5.1.1alpha+20120614-2+b3 <none>
2018-05-11 10:18:59 status unpacked xz-utils:amd64 5.1.1alpha+20120614-2+b3
2018-05-11 10:18:59 status half-configured xz-utils:amd64 5.1.1alpha+20120614-2+b3
2018-05-11 10:18:59 status installed xz-utils:amd64 5.1.1alpha+20120614-2+b3
2018-05-11 10:18:59 configure uuid-dev:amd64 2.25.2-6 <none>
2018-05-11 10:18:59 status unpacked uuid-dev:amd64 2.25.2-6
2018-05-11 10:18:59 status half-configured uuid-dev:amd64 2.25.2-6
2018-05-11 10:18:59 status installed uuid-dev:amd64 2.25.2-6
2018-05-11 10:18:59 configure libsctp-dev:amd64 1.0.16+dfsg-2 <none>
2018-05-11 10:18:59 status unpacked libsctp-dev:amd64 1.0.16+dfsg-2
2018-05-11 10:18:59 status half-configured libsctp-dev:amd64 1.0.16+dfsg-2
2018-05-11 10:18:59 status installed libsctp-dev:amd64 1.0.16+dfsg-2
2018-05-11 10:18:59 configure libapr1-dev:amd64 1.5.1-3 <none>
2018-05-11 10:18:59 status unpacked libapr1-dev:amd64 1.5.1-3
2018-05-11 10:18:59 status half-configured libapr1-dev:amd64 1.5.1-3
2018-05-11 10:18:59 status installed libapr1-dev:amd64 1.5.1-3
2018-05-11 10:18:59 configure libldap2-dev:amd64 2.4.40+dfsg-1+deb8u3 <none>
2018-05-11 10:18:59 status unpacked libldap2-dev:amd64 2.4.40+dfsg-1+deb8u3
2018-05-11 10:18:59 status half-configured libldap2-dev:amd64 2.4.40+dfsg-1+deb8u3
2018-05-11 10:18:59 status installed libldap2-dev:amd64 2.4.40+dfsg-1+deb8u3
2018-05-11 10:18:59 configure libexpat1-dev:amd64 2.1.0-6+deb8u4 <none>
2018-05-11 10:18:59 status unpacked libexpat1-dev:amd64 2.1.0-6+deb8u4
2018-05-11 10:18:59 status half-configured libexpat1-dev:amd64 2.1.0-6+deb8u4
2018-05-11 10:18:59 status installed libexpat1-dev:amd64 2.1.0-6+deb8u4
2018-05-11 10:18:59 configure libaprutil1-dev:amd64 1.5.4-1 <none>
2018-05-11 10:18:59 status unpacked libaprutil1-dev:amd64 1.5.4-1
2018-05-11 10:18:59 status half-configured libaprutil1-dev:amd64 1.5.4-1
2018-05-11 10:18:59 status installed libaprutil1-dev:amd64 1.5.4-1
2018-05-11 10:18:59 configure libtimedate-perl:all 2.3000-2 <none>
2018-05-11 10:18:59 status unpacked libtimedate-perl:all 2.3000-2
2018-05-11 10:18:59 status half-configured libtimedate-perl:all 2.3000-2
2018-05-11 10:18:59 status installed libtimedate-perl:all 2.3000-2
2018-05-11 10:18:59 configure libdpkg-perl:all 1.17.27 <none>
2018-05-11 10:18:59 status unpacked libdpkg-perl:all 1.17.27
2018-05-11 10:18:59 status half-configured libdpkg-perl:all 1.17.27
2018-05-11 10:18:59 status installed libdpkg-perl:all 1.17.27
2018-05-11 10:18:59 configure dpkg-dev:all 1.17.27 <none>
2018-05-11 10:18:59 status unpacked dpkg-dev:all 1.17.27
2018-05-11 10:18:59 status unpacked dpkg-dev:all 1.17.27
2018-05-11 10:18:59 status unpacked dpkg-dev:all 1.17.27
2018-05-11 10:18:59 status half-configured dpkg-dev:all 1.17.27
2018-05-11 10:18:59 status installed dpkg-dev:all 1.17.27
2018-05-11 10:18:59 configure gettext:amd64 0.19.3-2 <none>
2018-05-11 10:18:59 status unpacked gettext:amd64 0.19.3-2
2018-05-11 10:18:59 status half-configured gettext:amd64 0.19.3-2
2018-05-11 10:18:59 status installed gettext:amd64 0.19.3-2
2018-05-11 10:18:59 configure intltool-debian:all 0.35.0+20060710.1 <none>
2018-05-11 10:18:59 status unpacked intltool-debian:all 0.35.0+20060710.1
2018-05-11 10:18:59 status half-configured intltool-debian:all 0.35.0+20060710.1
2018-05-11 10:18:59 status installed intltool-debian:all 0.35.0+20060710.1
2018-05-11 10:18:59 configure po-debconf:all 1.0.16+nmu3 <none>
2018-05-11 10:18:59 status unpacked po-debconf:all 1.0.16+nmu3
2018-05-11 10:18:59 status half-configured po-debconf:all 1.0.16+nmu3
2018-05-11 10:18:59 status installed po-debconf:all 1.0.16+nmu3
2018-05-11 10:18:59 configure debhelper:all 9.20150101+deb8u2 <none>
2018-05-11 10:18:59 status unpacked debhelper:all 9.20150101+deb8u2
2018-05-11 10:18:59 status half-configured debhelper:all 9.20150101+deb8u2
2018-05-11 10:18:59 status installed debhelper:all 9.20150101+deb8u2
2018-05-11 10:18:59 configure apache2-dev:amd64 2.4.10-10+deb8u12 <none>
2018-05-11 10:18:59 status unpacked apache2-dev:amd64 2.4.10-10+deb8u12
2018-05-11 10:18:59 status half-configured apache2-dev:amd64 2.4.10-10+deb8u12
2018-05-11 10:18:59 status installed apache2-dev:amd64 2.4.10-10+deb8u12
2018-05-11 10:18:59 configure autoconf2.13:all 2.13-63 <none>
2018-05-11 10:18:59 status unpacked autoconf2.13:all 2.13-63
2018-05-11 10:18:59 status unpacked autoconf2.13:all 2.13-63
2018-05-11 10:18:59 status half-configured autoconf2.13:all 2.13-63
2018-05-11 10:18:59 status installed autoconf2.13:all 2.13-63
2018-05-11 10:18:59 configure libcurl4-openssl-dev:amd64 7.38.0-4+deb8u10 <none>
2018-05-11 10:18:59 status unpacked libcurl4-openssl-dev:amd64 7.38.0-4+deb8u10
2018-05-11 10:18:59 status half-configured libcurl4-openssl-dev:amd64 7.38.0-4+deb8u10
2018-05-11 10:18:59 status installed libcurl4-openssl-dev:amd64 7.38.0-4+deb8u10
2018-05-11 10:18:59 configure libtinfo-dev:amd64 5.9+20140913-1+deb8u2 <none>
2018-05-11 10:18:59 status unpacked libtinfo-dev:amd64 5.9+20140913-1+deb8u2
2018-05-11 10:18:59 status half-configured libtinfo-dev:amd64 5.9+20140913-1+deb8u2
2018-05-11 10:18:59 status installed libtinfo-dev:amd64 5.9+20140913-1+deb8u2
2018-05-11 10:18:59 configure libreadline6-dev:amd64 6.3-8+b3 <none>
2018-05-11 10:18:59 status unpacked libreadline6-dev:amd64 6.3-8+b3
2018-05-11 10:18:59 status half-configured libreadline6-dev:amd64 6.3-8+b3
2018-05-11 10:18:59 status installed libreadline6-dev:amd64 6.3-8+b3
2018-05-11 10:18:59 configure librecode-dev:amd64 3.6-21 <none>
2018-05-11 10:18:59 status unpacked librecode-dev:amd64 3.6-21
2018-05-11 10:18:59 status half-configured librecode-dev:amd64 3.6-21
2018-05-11 10:18:59 status installed librecode-dev:amd64 3.6-21
2018-05-11 10:18:59 configure libsqlite3-dev:amd64 3.8.7.1-1+deb8u2 <none>
2018-05-11 10:18:59 status unpacked libsqlite3-dev:amd64 3.8.7.1-1+deb8u2
2018-05-11 10:18:59 status half-configured libsqlite3-dev:amd64 3.8.7.1-1+deb8u2
2018-05-11 10:18:59 status installed libsqlite3-dev:amd64 3.8.7.1-1+deb8u2
2018-05-11 10:18:59 configure libssl-dev:amd64 1.0.1t-1+deb8u8 <none>
2018-05-11 10:18:59 status unpacked libssl-dev:amd64 1.0.1t-1+deb8u8
2018-05-11 10:18:59 status half-configured libssl-dev:amd64 1.0.1t-1+deb8u8
2018-05-11 10:18:59 status installed libssl-dev:amd64 1.0.1t-1+deb8u8
2018-05-11 10:18:59 configure libxml2-dev:amd64 2.9.1+dfsg1-5+deb8u6 <none>
2018-05-11 10:18:59 status unpacked libxml2-dev:amd64 2.9.1+dfsg1-5+deb8u6
2018-05-11 10:18:59 status half-configured libxml2-dev:amd64 2.9.1+dfsg1-5+deb8u6
2018-05-11 10:18:59 status installed libxml2-dev:amd64 2.9.1+dfsg1-5+deb8u6
2018-05-11 10:18:59 trigproc libc-bin:amd64 2.19-18+deb8u10 <none>
2018-05-11 10:18:59 status half-configured libc-bin:amd64 2.19-18+deb8u10
2018-05-11 10:18:59 status installed libc-bin:amd64 2.19-18+deb8u10
2018-05-11 10:19:00 startup packages configure
2018-05-11 10:19:25 startup archives unpack
2018-05-11 10:19:25 install libjpeg62-turbo:amd64 <none> 1:1.3.1-12
2018-05-11 10:19:25 status half-installed libjpeg62-turbo:amd64 1:1.3.1-12
2018-05-11 10:19:25 status unpacked libjpeg62-turbo:amd64 1:1.3.1-12
2018-05-11 10:19:25 status unpacked libjpeg62-turbo:amd64 1:1.3.1-12
2018-05-11 10:19:25 install libjpeg62-turbo-dev:amd64 <none> 1:1.3.1-12
2018-05-11 10:19:25 status half-installed libjpeg62-turbo-dev:amd64 1:1.3.1-12
2018-05-11 10:19:25 status unpacked libjpeg62-turbo-dev:amd64 1:1.3.1-12
2018-05-11 10:19:25 status unpacked libjpeg62-turbo-dev:amd64 1:1.3.1-12
2018-05-11 10:19:25 install libjpeg-dev:all <none> 1:1.3.1-12
2018-05-11 10:19:25 status half-installed libjpeg-dev:all 1:1.3.1-12
2018-05-11 10:19:25 status unpacked libjpeg-dev:all 1:1.3.1-12
2018-05-11 10:19:25 status unpacked libjpeg-dev:all 1:1.3.1-12
2018-05-11 10:19:26 startup packages configure
2018-05-11 10:19:26 configure libjpeg62-turbo:amd64 1:1.3.1-12 <none>
2018-05-11 10:19:26 status unpacked libjpeg62-turbo:amd64 1:1.3.1-12
2018-05-11 10:19:26 status half-configured libjpeg62-turbo:amd64 1:1.3.1-12
2018-05-11 10:19:26 status installed libjpeg62-turbo:amd64 1:1.3.1-12
2018-05-11 10:19:26 status triggers-pending libc-bin:amd64 2.19-18+deb8u10
2018-05-11 10:19:26 configure libjpeg62-turbo-dev:amd64 1:1.3.1-12 <none>
2018-05-11 10:19:26 status unpacked libjpeg62-turbo-dev:amd64 1:1.3.1-12
2018-05-11 10:19:26 status half-configured libjpeg62-turbo-dev:amd64 1:1.3.1-12
2018-05-11 10:19:26 status installed libjpeg62-turbo-dev:amd64 1:1.3.1-12
2018-05-11 10:19:26 configure libjpeg-dev:all 1:1.3.1-12 <none>
2018-05-11 10:19:26 status unpacked libjpeg-dev:all 1:1.3.1-12
2018-05-11 10:19:26 status half-configured libjpeg-dev:all 1:1.3.1-12
2018-05-11 10:19:26 status installed libjpeg-dev:all 1:1.3.1-12
2018-05-11 10:19:26 trigproc libc-bin:amd64 2.19-18+deb8u10 <none>
2018-05-11 10:19:26 status half-configured libc-bin:amd64 2.19-18+deb8u10
2018-05-11 10:19:26 status installed libc-bin:amd64 2.19-18+deb8u10
2018-05-11 10:19:27 startup packages configure
2018-05-11 10:56:53 startup archives unpack
2018-05-11 10:56:53 install libpipeline1:amd64 <none> 1.4.0-1
2018-05-11 10:56:53 status half-installed libpipeline1:amd64 1.4.0-1
2018-05-11 10:56:53 status unpacked libpipeline1:amd64 1.4.0-1
2018-05-11 10:56:53 status unpacked libpipeline1:amd64 1.4.0-1
2018-05-11 10:56:53 install groff-base:amd64 <none> 1.22.2-8
2018-05-11 10:56:53 status half-installed groff-base:amd64 1.22.2-8
2018-05-11 10:56:53 status unpacked groff-base:amd64 1.22.2-8
2018-05-11 10:56:53 status unpacked groff-base:amd64 1.22.2-8
2018-05-11 10:56:53 install bsdmainutils:amd64 <none> 9.0.6
2018-05-11 10:56:53 status half-installed bsdmainutils:amd64 9.0.6
2018-05-11 10:56:53 status unpacked bsdmainutils:amd64 9.0.6
2018-05-11 10:56:53 status unpacked bsdmainutils:amd64 9.0.6
2018-05-11 10:56:53 install man-db:amd64 <none> 2.7.0.2-5
2018-05-11 10:56:53 status half-installed man-db:amd64 2.7.0.2-5
2018-05-11 10:56:53 status unpacked man-db:amd64 2.7.0.2-5
2018-05-11 10:56:53 status unpacked man-db:amd64 2.7.0.2-5
2018-05-11 10:56:53 install libasprintf0c2:amd64 <none> 0.19.3-2
2018-05-11 10:56:53 status half-installed libasprintf0c2:amd64 0.19.3-2
2018-05-11 10:56:53 status unpacked libasprintf0c2:amd64 0.19.3-2
2018-05-11 10:56:53 status unpacked libasprintf0c2:amd64 0.19.3-2
2018-05-11 10:56:53 install libapr1:amd64 <none> 1.5.1-3
2018-05-11 10:56:53 status half-installed libapr1:amd64 1.5.1-3
2018-05-11 10:56:53 status unpacked libapr1:amd64 1.5.1-3
2018-05-11 10:56:53 status unpacked libapr1:amd64 1.5.1-3
2018-05-11 10:56:53 install libexpat1:amd64 <none> 2.1.0-6+deb8u4
2018-05-11 10:56:53 status half-installed libexpat1:amd64 2.1.0-6+deb8u4
2018-05-11 10:56:53 status unpacked libexpat1:amd64 2.1.0-6+deb8u4
2018-05-11 10:56:53 status unpacked libexpat1:amd64 2.1.0-6+deb8u4
2018-05-11 10:56:53 install libaprutil1:amd64 <none> 1.5.4-1
2018-05-11 10:56:53 status half-installed libaprutil1:amd64 1.5.4-1
2018-05-11 10:56:53 status unpacked libaprutil1:amd64 1.5.4-1
2018-05-11 10:56:53 status unpacked libaprutil1:amd64 1.5.4-1
2018-05-11 10:56:53 install libcroco3:amd64 <none> 0.6.8-3+b1
2018-05-11 10:56:53 status half-installed libcroco3:amd64 0.6.8-3+b1
2018-05-11 10:56:53 status unpacked libcroco3:amd64 0.6.8-3+b1
2018-05-11 10:56:53 status unpacked libcroco3:amd64 0.6.8-3+b1
2018-05-11 10:56:53 install libsctp1:amd64 <none> 1.0.16+dfsg-2
2018-05-11 10:56:53 status half-installed libsctp1:amd64 1.0.16+dfsg-2
2018-05-11 10:56:53 status unpacked libsctp1:amd64 1.0.16+dfsg-2
2018-05-11 10:56:53 status unpacked libsctp1:amd64 1.0.16+dfsg-2
2018-05-11 10:56:53 install libunistring0:amd64 <none> 0.9.3-5.2+b1
2018-05-11 10:56:53 status half-installed libunistring0:amd64 0.9.3-5.2+b1
2018-05-11 10:56:53 status unpacked libunistring0:amd64 0.9.3-5.2+b1
2018-05-11 10:56:53 status unpacked libunistring0:amd64 0.9.3-5.2+b1
2018-05-11 10:56:54 install bzip2:amd64 <none> 1.0.6-7+b3
2018-05-11 10:56:54 status half-installed bzip2:amd64 1.0.6-7+b3
2018-05-11 10:56:54 status unpacked bzip2:amd64 1.0.6-7+b3
2018-05-11 10:56:54 status unpacked bzip2:amd64 1.0.6-7+b3
2018-05-11 10:56:54 install gettext-base:amd64 <none> 0.19.3-2
2018-05-11 10:56:54 status half-installed gettext-base:amd64 0.19.3-2
2018-05-11 10:56:54 status unpacked gettext-base:amd64 0.19.3-2
2018-05-11 10:56:54 status unpacked gettext-base:amd64 0.19.3-2
2018-05-11 10:56:54 install patch:amd64 <none> 2.7.5-1
2018-05-11 10:56:54 status half-installed patch:amd64 2.7.5-1
2018-05-11 10:56:54 status unpacked patch:amd64 2.7.5-1
2018-05-11 10:56:54 status unpacked patch:amd64 2.7.5-1
2018-05-11 10:56:54 install xz-utils:amd64 <none> 5.1.1alpha+20120614-2+b3
2018-05-11 10:56:54 status half-installed xz-utils:amd64 5.1.1alpha+20120614-2+b3
2018-05-11 10:56:54 status unpacked xz-utils:amd64 5.1.1alpha+20120614-2+b3
2018-05-11 10:56:54 status unpacked xz-utils:amd64 5.1.1alpha+20120614-2+b3
2018-05-11 10:56:54 install uuid-dev:amd64 <none> 2.25.2-6
2018-05-11 10:56:54 status half-installed uuid-dev:amd64 2.25.2-6
2018-05-11 10:56:54 status unpacked uuid-dev:amd64 2.25.2-6
2018-05-11 10:56:54 status unpacked uuid-dev:amd64 2.25.2-6
2018-05-11 10:56:54 install libsctp-dev:amd64 <none> 1.0.16+dfsg-2
2018-05-11 10:56:54 status half-installed libsctp-dev:amd64 1.0.16+dfsg-2
2018-05-11 10:56:54 status unpacked libsctp-dev:amd64 1.0.16+dfsg-2
2018-05-11 10:56:54 status unpacked libsctp-dev:amd64 1.0.16+dfsg-2
2018-05-11 10:56:54 install libapr1-dev:amd64 <none> 1.5.1-3
2018-05-11 10:56:54 status half-installed libapr1-dev:amd64 1.5.1-3
2018-05-11 10:56:54 status unpacked libapr1-dev:amd64 1.5.1-3
2018-05-11 10:56:54 status unpacked libapr1-dev:amd64 1.5.1-3
2018-05-11 10:56:54 install libldap2-dev:amd64 <none> 2.4.40+dfsg-1+deb8u3
2018-05-11 10:56:54 status half-installed libldap2-dev:amd64 2.4.40+dfsg-1+deb8u3
2018-05-11 10:56:54 status unpacked libldap2-dev:amd64 2.4.40+dfsg-1+deb8u3
2018-05-11 10:56:54 status unpacked libldap2-dev:amd64 2.4.40+dfsg-1+deb8u3
2018-05-11 10:56:54 install libexpat1-dev:amd64 <none> 2.1.0-6+deb8u4
2018-05-11 10:56:54 status half-installed libexpat1-dev:amd64 2.1.0-6+deb8u4
2018-05-11 10:56:54 status unpacked libexpat1-dev:amd64 2.1.0-6+deb8u4
2018-05-11 10:56:54 status unpacked libexpat1-dev:amd64 2.1.0-6+deb8u4
2018-05-11 10:56:54 install libaprutil1-dev:amd64 <none> 1.5.4-1
2018-05-11 10:56:54 status half-installed libaprutil1-dev:amd64 1.5.4-1
2018-05-11 10:56:54 status unpacked libaprutil1-dev:amd64 1.5.4-1
2018-05-11 10:56:54 status unpacked libaprutil1-dev:amd64 1.5.4-1
2018-05-11 10:56:54 install libtimedate-perl:all <none> 2.3000-2
2018-05-11 10:56:54 status half-installed libtimedate-perl:all 2.3000-2
2018-05-11 10:56:54 status unpacked libtimedate-perl:all 2.3000-2
2018-05-11 10:56:54 status unpacked libtimedate-perl:all 2.3000-2
2018-05-11 10:56:54 install libdpkg-perl:all <none> 1.17.27
2018-05-11 10:56:54 status half-installed libdpkg-perl:all 1.17.27
2018-05-11 10:56:54 status unpacked libdpkg-perl:all 1.17.27
2018-05-11 10:56:54 status unpacked libdpkg-perl:all 1.17.27
2018-05-11 10:56:54 install dpkg-dev:all <none> 1.17.27
2018-05-11 10:56:54 status half-installed dpkg-dev:all 1.17.27
2018-05-11 10:56:55 status unpacked dpkg-dev:all 1.17.27
2018-05-11 10:56:55 status unpacked dpkg-dev:all 1.17.27
2018-05-11 10:56:55 install gettext:amd64 <none> 0.19.3-2
2018-05-11 10:56:55 status half-installed gettext:amd64 0.19.3-2
2018-05-11 10:56:55 status unpacked gettext:amd64 0.19.3-2
2018-05-11 10:56:55 status unpacked gettext:amd64 0.19.3-2
2018-05-11 10:56:55 install intltool-debian:all <none> 0.35.0+20060710.1
2018-05-11 10:56:55 status half-installed intltool-debian:all 0.35.0+20060710.1
2018-05-11 10:56:55 status unpacked intltool-debian:all 0.35.0+20060710.1
2018-05-11 10:56:55 status unpacked intltool-debian:all 0.35.0+20060710.1
2018-05-11 10:56:55 install po-debconf:all <none> 1.0.16+nmu3
2018-05-11 10:56:55 status half-installed po-debconf:all 1.0.16+nmu3
2018-05-11 10:56:55 status unpacked po-debconf:all 1.0.16+nmu3
2018-05-11 10:56:55 status unpacked po-debconf:all 1.0.16+nmu3
2018-05-11 10:56:55 install debhelper:all <none> 9.20150101+deb8u2
2018-05-11 10:56:55 status half-installed debhelper:all 9.20150101+deb8u2
2018-05-11 10:56:55 status unpacked debhelper:all 9.20150101+deb8u2
2018-05-11 10:56:55 status unpacked debhelper:all 9.20150101+deb8u2
2018-05-11 10:56:55 install apache2-dev:amd64 <none> 2.4.10-10+deb8u12
2018-05-11 10:56:55 status half-installed apache2-dev:amd64 2.4.10-10+deb8u12
2018-05-11 10:56:55 status unpacked apache2-dev:amd64 2.4.10-10+deb8u12
2018-05-11 10:56:55 status unpacked apache2-dev:amd64 2.4.10-10+deb8u12
2018-05-11 10:56:55 install autoconf2.13:all <none> 2.13-63
2018-05-11 10:56:55 status half-installed autoconf2.13:all 2.13-63
2018-05-11 10:56:55 status unpacked autoconf2.13:all 2.13-63
2018-05-11 10:56:55 status unpacked autoconf2.13:all 2.13-63
2018-05-11 10:56:55 install libcurl4-openssl-dev:amd64 <none> 7.38.0-4+deb8u10
2018-05-11 10:56:55 status half-installed libcurl4-openssl-dev:amd64 7.38.0-4+deb8u10
2018-05-11 10:56:55 status unpacked libcurl4-openssl-dev:amd64 7.38.0-4+deb8u10
2018-05-11 10:56:55 status unpacked libcurl4-openssl-dev:amd64 7.38.0-4+deb8u10
2018-05-11 10:56:55 install libtinfo-dev:amd64 <none> 5.9+20140913-1+deb8u2
2018-05-11 10:56:55 status half-installed libtinfo-dev:amd64 5.9+20140913-1+deb8u2
2018-05-11 10:56:55 status unpacked libtinfo-dev:amd64 5.9+20140913-1+deb8u2
2018-05-11 10:56:55 status unpacked libtinfo-dev:amd64 5.9+20140913-1+deb8u2
2018-05-11 10:56:55 install libreadline6-dev:amd64 <none> 6.3-8+b3
2018-05-11 10:56:55 status half-installed libreadline6-dev:amd64 6.3-8+b3
2018-05-11 10:56:55 status unpacked libreadline6-dev:amd64 6.3-8+b3
2018-05-11 10:56:55 status unpacked libreadline6-dev:amd64 6.3-8+b3
2018-05-11 10:56:55 install librecode-dev:amd64 <none> 3.6-21
2018-05-11 10:56:55 status half-installed librecode-dev:amd64 3.6-21
2018-05-11 10:56:55 status unpacked librecode-dev:amd64 3.6-21
2018-05-11 10:56:55 status unpacked librecode-dev:amd64 3.6-21
2018-05-11 10:56:55 install libsqlite3-dev:amd64 <none> 3.8.7.1-1+deb8u2
2018-05-11 10:56:55 status half-installed libsqlite3-dev:amd64 3.8.7.1-1+deb8u2
2018-05-11 10:56:55 status unpacked libsqlite3-dev:amd64 3.8.7.1-1+deb8u2
2018-05-11 10:56:55 status unpacked libsqlite3-dev:amd64 3.8.7.1-1+deb8u2
2018-05-11 10:56:56 install libssl-dev:amd64 <none> 1.0.1t-1+deb8u8
2018-05-11 10:56:56 status half-installed libssl-dev:amd64 1.0.1t-1+deb8u8
2018-05-11 10:56:56 status unpacked libssl-dev:amd64 1.0.1t-1+deb8u8
2018-05-11 10:56:56 status unpacked libssl-dev:amd64 1.0.1t-1+deb8u8
2018-05-11 10:56:56 install libxml2-dev:amd64 <none> 2.9.1+dfsg1-5+deb8u6
2018-05-11 10:56:56 status half-installed libxml2-dev:amd64 2.9.1+dfsg1-5+deb8u6
2018-05-11 10:56:56 status unpacked libxml2-dev:amd64 2.9.1+dfsg1-5+deb8u6
2018-05-11 10:56:56 status unpacked libxml2-dev:amd64 2.9.1+dfsg1-5+deb8u6
2018-05-11 10:56:57 startup packages configure
2018-05-11 10:56:57 configure libpipeline1:amd64 1.4.0-1 <none>
2018-05-11 10:56:57 status unpacked libpipeline1:amd64 1.4.0-1
2018-05-11 10:56:57 status half-configured libpipeline1:amd64 1.4.0-1
2018-05-11 10:56:57 status installed libpipeline1:amd64 1.4.0-1
2018-05-11 10:56:57 status triggers-pending libc-bin:amd64 2.19-18+deb8u10
2018-05-11 10:56:57 configure groff-base:amd64 1.22.2-8 <none>
2018-05-11 10:56:57 status unpacked groff-base:amd64 1.22.2-8
2018-05-11 10:56:57 status unpacked groff-base:amd64 1.22.2-8
2018-05-11 10:56:57 status unpacked groff-base:amd64 1.22.2-8
2018-05-11 10:56:57 status half-configured groff-base:amd64 1.22.2-8
2018-05-11 10:56:57 status installed groff-base:amd64 1.22.2-8
2018-05-11 10:56:57 configure bsdmainutils:amd64 9.0.6 <none>
2018-05-11 10:56:57 status unpacked bsdmainutils:amd64 9.0.6
2018-05-11 10:56:57 status unpacked bsdmainutils:amd64 9.0.6
2018-05-11 10:56:57 status unpacked bsdmainutils:amd64 9.0.6
2018-05-11 10:56:57 status unpacked bsdmainutils:amd64 9.0.6
2018-05-11 10:56:57 status half-configured bsdmainutils:amd64 9.0.6
2018-05-11 10:56:57 status installed bsdmainutils:amd64 9.0.6
2018-05-11 10:56:57 configure man-db:amd64 2.7.0.2-5 <none>
2018-05-11 10:56:57 status unpacked man-db:amd64 2.7.0.2-5
2018-05-11 10:56:57 status unpacked man-db:amd64 2.7.0.2-5
2018-05-11 10:56:57 status unpacked man-db:amd64 2.7.0.2-5
2018-05-11 10:56:57 status unpacked man-db:amd64 2.7.0.2-5
2018-05-11 10:56:57 status half-configured man-db:amd64 2.7.0.2-5
2018-05-11 10:57:11 status installed man-db:amd64 2.7.0.2-5
2018-05-11 10:57:11 configure libasprintf0c2:amd64 0.19.3-2 <none>
2018-05-11 10:57:11 status unpacked libasprintf0c2:amd64 0.19.3-2
2018-05-11 10:57:11 status half-configured libasprintf0c2:amd64 0.19.3-2
2018-05-11 10:57:11 status installed libasprintf0c2:amd64 0.19.3-2
2018-05-11 10:57:11 configure libapr1:amd64 1.5.1-3 <none>
2018-05-11 10:57:11 status unpacked libapr1:amd64 1.5.1-3
2018-05-11 10:57:11 status half-configured libapr1:amd64 1.5.1-3
2018-05-11 10:57:11 status installed libapr1:amd64 1.5.1-3
2018-05-11 10:57:11 configure libexpat1:amd64 2.1.0-6+deb8u4 <none>
2018-05-11 10:57:11 status unpacked libexpat1:amd64 2.1.0-6+deb8u4
2018-05-11 10:57:11 status half-configured libexpat1:amd64 2.1.0-6+deb8u4
2018-05-11 10:57:11 status installed libexpat1:amd64 2.1.0-6+deb8u4
2018-05-11 10:57:11 configure libaprutil1:amd64 1.5.4-1 <none>
2018-05-11 10:57:11 status unpacked libaprutil1:amd64 1.5.4-1
2018-05-11 10:57:11 status half-configured libaprutil1:amd64 1.5.4-1
2018-05-11 10:57:11 status installed libaprutil1:amd64 1.5.4-1
2018-05-11 10:57:11 configure libcroco3:amd64 0.6.8-3+b1 <none>
2018-05-11 10:57:11 status unpacked libcroco3:amd64 0.6.8-3+b1
2018-05-11 10:57:11 status half-configured libcroco3:amd64 0.6.8-3+b1
2018-05-11 10:57:11 status installed libcroco3:amd64 0.6.8-3+b1
2018-05-11 10:57:11 configure libsctp1:amd64 1.0.16+dfsg-2 <none>
2018-05-11 10:57:11 status unpacked libsctp1:amd64 1.0.16+dfsg-2
2018-05-11 10:57:11 status half-configured libsctp1:amd64 1.0.16+dfsg-2
2018-05-11 10:57:11 status installed libsctp1:amd64 1.0.16+dfsg-2
2018-05-11 10:57:11 configure libunistring0:amd64 0.9.3-5.2+b1 <none>
2018-05-11 10:57:11 status unpacked libunistring0:amd64 0.9.3-5.2+b1
2018-05-11 10:57:11 status half-configured libunistring0:amd64 0.9.3-5.2+b1
2018-05-11 10:57:11 status installed libunistring0:amd64 0.9.3-5.2+b1
2018-05-11 10:57:11 configure bzip2:amd64 1.0.6-7+b3 <none>
2018-05-11 10:57:11 status unpacked bzip2:amd64 1.0.6-7+b3
2018-05-11 10:57:11 status half-configured bzip2:amd64 1.0.6-7+b3
2018-05-11 10:57:11 status installed bzip2:amd64 1.0.6-7+b3
2018-05-11 10:57:11 configure gettext-base:amd64 0.19.3-2 <none>
2018-05-11 10:57:11 status unpacked gettext-base:amd64 0.19.3-2
2018-05-11 10:57:11 status half-configured gettext-base:amd64 0.19.3-2
2018-05-11 10:57:11 status installed gettext-base:amd64 0.19.3-2
2018-05-11 10:57:11 configure patch:amd64 2.7.5-1 <none>
2018-05-11 10:57:11 status unpacked patch:amd64 2.7.5-1
2018-05-11 10:57:11 status half-configured patch:amd64 2.7.5-1
2018-05-11 10:57:11 status installed patch:amd64 2.7.5-1
2018-05-11 10:57:11 configure xz-utils:amd64 5.1.1alpha+20120614-2+b3 <none>
2018-05-11 10:57:11 status unpacked xz-utils:amd64 5.1.1alpha+20120614-2+b3
2018-05-11 10:57:11 status half-configured xz-utils:amd64 5.1.1alpha+20120614-2+b3
2018-05-11 10:57:11 status installed xz-utils:amd64 5.1.1alpha+20120614-2+b3
2018-05-11 10:57:11 configure uuid-dev:amd64 2.25.2-6 <none>
2018-05-11 10:57:11 status unpacked uuid-dev:amd64 2.25.2-6
2018-05-11 10:57:11 status half-configured uuid-dev:amd64 2.25.2-6
2018-05-11 10:57:11 status installed uuid-dev:amd64 2.25.2-6
2018-05-11 10:57:11 configure libsctp-dev:amd64 1.0.16+dfsg-2 <none>
2018-05-11 10:57:11 status unpacked libsctp-dev:amd64 1.0.16+dfsg-2
2018-05-11 10:57:11 status half-configured libsctp-dev:amd64 1.0.16+dfsg-2
2018-05-11 10:57:11 status installed libsctp-dev:amd64 1.0.16+dfsg-2
2018-05-11 10:57:11 configure libapr1-dev:amd64 1.5.1-3 <none>
2018-05-11 10:57:11 status unpacked libapr1-dev:amd64 1.5.1-3
2018-05-11 10:57:11 status half-configured libapr1-dev:amd64 1.5.1-3
2018-05-11 10:57:11 status installed libapr1-dev:amd64 1.5.1-3
2018-05-11 10:57:11 configure libldap2-dev:amd64 2.4.40+dfsg-1+deb8u3 <none>
2018-05-11 10:57:11 status unpacked libldap2-dev:amd64 2.4.40+dfsg-1+deb8u3
2018-05-11 10:57:11 status half-configured libldap2-dev:amd64 2.4.40+dfsg-1+deb8u3
2018-05-11 10:57:11 status installed libldap2-dev:amd64 2.4.40+dfsg-1+deb8u3
2018-05-11 10:57:11 configure libexpat1-dev:amd64 2.1.0-6+deb8u4 <none>
2018-05-11 10:57:11 status unpacked libexpat1-dev:amd64 2.1.0-6+deb8u4
2018-05-11 10:57:11 status half-configured libexpat1-dev:amd64 2.1.0-6+deb8u4
2018-05-11 10:57:11 status installed libexpat1-dev:amd64 2.1.0-6+deb8u4
2018-05-11 10:57:11 configure libaprutil1-dev:amd64 1.5.4-1 <none>
2018-05-11 10:57:11 status unpacked libaprutil1-dev:amd64 1.5.4-1
2018-05-11 10:57:11 status half-configured libaprutil1-dev:amd64 1.5.4-1
2018-05-11 10:57:11 status installed libaprutil1-dev:amd64 1.5.4-1
2018-05-11 10:57:11 configure libtimedate-perl:all 2.3000-2 <none>
2018-05-11 10:57:11 status unpacked libtimedate-perl:all 2.3000-2
2018-05-11 10:57:11 status half-configured libtimedate-perl:all 2.3000-2
2018-05-11 10:57:11 status installed libtimedate-perl:all 2.3000-2
2018-05-11 10:57:11 configure libdpkg-perl:all 1.17.27 <none>
2018-05-11 10:57:11 status unpacked libdpkg-perl:all 1.17.27
2018-05-11 10:57:11 status half-configured libdpkg-perl:all 1.17.27
2018-05-11 10:57:11 status installed libdpkg-perl:all 1.17.27
2018-05-11 10:57:11 configure dpkg-dev:all 1.17.27 <none>
2018-05-11 10:57:11 status unpacked dpkg-dev:all 1.17.27
2018-05-11 10:57:11 status unpacked dpkg-dev:all 1.17.27
2018-05-11 10:57:11 status unpacked dpkg-dev:all 1.17.27
2018-05-11 10:57:11 status half-configured dpkg-dev:all 1.17.27
2018-05-11 10:57:11 status installed dpkg-dev:all 1.17.27
2018-05-11 10:57:11 configure gettext:amd64 0.19.3-2 <none>
2018-05-11 10:57:11 status unpacked gettext:amd64 0.19.3-2
2018-05-11 10:57:11 status half-configured gettext:amd64 0.19.3-2
2018-05-11 10:57:11 status installed gettext:amd64 0.19.3-2
2018-05-11 10:57:11 configure intltool-debian:all 0.35.0+20060710.1 <none>
2018-05-11 10:57:11 status unpacked intltool-debian:all 0.35.0+20060710.1
2018-05-11 10:57:11 status half-configured intltool-debian:all 0.35.0+20060710.1
2018-05-11 10:57:11 status installed intltool-debian:all 0.35.0+20060710.1
2018-05-11 10:57:11 configure po-debconf:all 1.0.16+nmu3 <none>
2018-05-11 10:57:11 status unpacked po-debconf:all 1.0.16+nmu3
2018-05-11 10:57:11 status half-configured po-debconf:all 1.0.16+nmu3
2018-05-11 10:57:11 status installed po-debconf:all 1.0.16+nmu3
2018-05-11 10:57:11 configure debhelper:all 9.20150101+deb8u2 <none>
2018-05-11 10:57:11 status unpacked debhelper:all 9.20150101+deb8u2
2018-05-11 10:57:11 status half-configured debhelper:all 9.20150101+deb8u2
2018-05-11 10:57:11 status installed debhelper:all 9.20150101+deb8u2
2018-05-11 10:57:11 configure apache2-dev:amd64 2.4.10-10+deb8u12 <none>
2018-05-11 10:57:11 status unpacked apache2-dev:amd64 2.4.10-10+deb8u12
2018-05-11 10:57:11 status half-configured apache2-dev:amd64 2.4.10-10+deb8u12
2018-05-11 10:57:11 status installed apache2-dev:amd64 2.4.10-10+deb8u12
2018-05-11 10:57:11 configure autoconf2.13:all 2.13-63 <none>
2018-05-11 10:57:11 status unpacked autoconf2.13:all 2.13-63
2018-05-11 10:57:11 status unpacked autoconf2.13:all 2.13-63
2018-05-11 10:57:11 status half-configured autoconf2.13:all 2.13-63
2018-05-11 10:57:11 status installed autoconf2.13:all 2.13-63
2018-05-11 10:57:11 configure libcurl4-openssl-dev:amd64 7.38.0-4+deb8u10 <none>
2018-05-11 10:57:11 status unpacked libcurl4-openssl-dev:amd64 7.38.0-4+deb8u10
2018-05-11 10:57:11 status half-configured libcurl4-openssl-dev:amd64 7.38.0-4+deb8u10
2018-05-11 10:57:11 status installed libcurl4-openssl-dev:amd64 7.38.0-4+deb8u10
2018-05-11 10:57:11 configure libtinfo-dev:amd64 5.9+20140913-1+deb8u2 <none>
2018-05-11 10:57:11 status unpacked libtinfo-dev:amd64 5.9+20140913-1+deb8u2
2018-05-11 10:57:11 status half-configured libtinfo-dev:amd64 5.9+20140913-1+deb8u2
2018-05-11 10:57:11 status installed libtinfo-dev:amd64 5.9+20140913-1+deb8u2
2018-05-11 10:57:11 configure libreadline6-dev:amd64 6.3-8+b3 <none>
2018-05-11 10:57:11 status unpacked libreadline6-dev:amd64 6.3-8+b3
2018-05-11 10:57:11 status half-configured libreadline6-dev:amd64 6.3-8+b3
2018-05-11 10:57:11 status installed libreadline6-dev:amd64 6.3-8+b3
2018-05-11 10:57:11 configure librecode-dev:amd64 3.6-21 <none>
2018-05-11 10:57:11 status unpacked librecode-dev:amd64 3.6-21
2018-05-11 10:57:11 status half-configured librecode-dev:amd64 3.6-21
2018-05-11 10:57:11 status installed librecode-dev:amd64 3.6-21
2018-05-11 10:57:11 configure libsqlite3-dev:amd64 3.8.7.1-1+deb8u2 <none>
2018-05-11 10:57:11 status unpacked libsqlite3-dev:amd64 3.8.7.1-1+deb8u2
2018-05-11 10:57:11 status half-configured libsqlite3-dev:amd64 3.8.7.1-1+deb8u2
2018-05-11 10:57:11 status installed libsqlite3-dev:amd64 3.8.7.1-1+deb8u2
2018-05-11 10:57:11 configure libssl-dev:amd64 1.0.1t-1+deb8u8 <none>
2018-05-11 10:57:11 status unpacked libssl-dev:amd64 1.0.1t-1+deb8u8
2018-05-11 10:57:11 status half-configured libssl-dev:amd64 1.0.1t-1+deb8u8
2018-05-11 10:57:11 status installed libssl-dev:amd64 1.0.1t-1+deb8u8
2018-05-11 10:57:11 configure libxml2-dev:amd64 2.9.1+dfsg1-5+deb8u6 <none>
2018-05-11 10:57:11 status unpacked libxml2-dev:amd64 2.9.1+dfsg1-5+deb8u6
2018-05-11 10:57:11 status half-configured libxml2-dev:amd64 2.9.1+dfsg1-5+deb8u6
2018-05-11 10:57:11 status installed libxml2-dev:amd64 2.9.1+dfsg1-5+deb8u6
2018-05-11 10:57:11 trigproc libc-bin:amd64 2.19-18+deb8u10 <none>
2018-05-11 10:57:11 status half-configured libc-bin:amd64 2.19-18+deb8u10
2018-05-11 10:57:11 status installed libc-bin:amd64 2.19-18+deb8u10
2018-05-11 10:57:12 startup packages configure
2018-05-11 10:58:44 startup archives unpack
2018-05-11 10:58:44 install libjpeg62-turbo:amd64 <none> 1:1.3.1-12
2018-05-11 10:58:44 status half-installed libjpeg62-turbo:amd64 1:1.3.1-12
2018-05-11 10:58:44 status unpacked libjpeg62-turbo:amd64 1:1.3.1-12
2018-05-11 10:58:44 status unpacked libjpeg62-turbo:amd64 1:1.3.1-12
2018-05-11 10:58:44 install libjpeg62-turbo-dev:amd64 <none> 1:1.3.1-12
2018-05-11 10:58:44 status half-installed libjpeg62-turbo-dev:amd64 1:1.3.1-12
2018-05-11 10:58:44 status unpacked libjpeg62-turbo-dev:amd64 1:1.3.1-12
2018-05-11 10:58:44 status unpacked libjpeg62-turbo-dev:amd64 1:1.3.1-12
2018-05-11 10:58:44 install libjpeg-dev:all <none> 1:1.3.1-12
2018-05-11 10:58:44 status half-installed libjpeg-dev:all 1:1.3.1-12
2018-05-11 10:58:44 status unpacked libjpeg-dev:all 1:1.3.1-12
2018-05-11 10:58:44 status unpacked libjpeg-dev:all 1:1.3.1-12
2018-05-11 10:58:45 startup packages configure
2018-05-11 10:58:45 configure libjpeg62-turbo:amd64 1:1.3.1-12 <none>
2018-05-11 10:58:45 status unpacked libjpeg62-turbo:amd64 1:1.3.1-12
2018-05-11 10:58:45 status half-configured libjpeg62-turbo:amd64 1:1.3.1-12
2018-05-11 10:58:45 status installed libjpeg62-turbo:amd64 1:1.3.1-12
2018-05-11 10:58:45 status triggers-pending libc-bin:amd64 2.19-18+deb8u10
2018-05-11 10:58:45 configure libjpeg62-turbo-dev:amd64 1:1.3.1-12 <none>
2018-05-11 10:58:45 status unpacked libjpeg62-turbo-dev:amd64 1:1.3.1-12
2018-05-11 10:58:45 status half-configured libjpeg62-turbo-dev:amd64 1:1.3.1-12
2018-05-11 10:58:45 status installed libjpeg62-turbo-dev:amd64 1:1.3.1-12
2018-05-11 10:58:45 configure libjpeg-dev:all 1:1.3.1-12 <none>
2018-05-11 10:58:45 status unpacked libjpeg-dev:all 1:1.3.1-12
2018-05-11 10:58:45 status half-configured libjpeg-dev:all 1:1.3.1-12
2018-05-11 10:58:45 status installed libjpeg-dev:all 1:1.3.1-12
2018-05-11 10:58:45 trigproc libc-bin:amd64 2.19-18+deb8u10 <none>
2018-05-11 10:58:45 status half-configured libc-bin:amd64 2.19-18+deb8u10
2018-05-11 10:58:45 status installed libc-bin:amd64 2.19-18+deb8u10
2018-05-11 10:58:46 startup packages configure
