
Start-Date: 2018-05-11  08:02:16
Commandline: apt-get install telnet
Install: libisc-export95:amd64 (9.9.5.dfsg-9+deb8u15, automatic), isc-dhcp-common:amd64 (4.3.1-6+deb8u3, automatic), netbase:amd64 (5.3, automatic), ifupdown:amd64 (0.7.53.1, automatic), telnet:amd64 (0.17-36), isc-dhcp-client:amd64 (4.3.1-6+deb8u3, automatic), libisccfg-export90:amd64 (9.9.5.dfsg-9+deb8u15, automatic), libdns-export100:amd64 (9.9.5.dfsg-9+deb8u15, automatic), libirs-export91:amd64 (9.9.5.dfsg-9+deb8u15, automatic)
End-Date: 2018-05-11  08:02:20

Start-Date: 2018-05-11  08:20:11
Commandline: apt-get install telnet
Install: libisc-export95:amd64 (9.9.5.dfsg-9+deb8u15, automatic), isc-dhcp-common:amd64 (4.3.1-6+deb8u3, automatic), netbase:amd64 (5.3, automatic), ifupdown:amd64 (0.7.53.1, automatic), telnet:amd64 (0.17-36), isc-dhcp-client:amd64 (4.3.1-6+deb8u3, automatic), libisccfg-export90:amd64 (9.9.5.dfsg-9+deb8u15, automatic), libdns-export100:amd64 (9.9.5.dfsg-9+deb8u15, automatic), libirs-export91:amd64 (9.9.5.dfsg-9+deb8u15, automatic)
End-Date: 2018-05-11  08:20:15

Start-Date: 2018-05-11  08:42:01
Commandline: apt-get install mysql-client
Install: mysql-client:amd64 (5.5.60-0+deb8u1), mysql-client-5.5:amd64 (5.5.60-0+deb8u1, automatic), libterm-readkey-perl:amd64 (2.32-1+b1, automatic), libdbd-mysql-perl:amd64 (4.028-2+deb8u2, automatic), libdbi-perl:amd64 (1.631-3+b1, automatic)
End-Date: 2018-05-11  08:42:04

Start-Date: 2018-05-11  10:18:39
Commandline: apt-get install -y apache2-dev autoconf2.13 libcurl4-openssl-dev libreadline6-dev librecode-dev libsqlite3-dev libssl-dev libxml2-dev libpng-dev xz-utils --no-install-recommends
Install: gettext-base:amd64 (0.19.3-2, automatic), libtimedate-perl:amd64 (2.3000-2, automatic), bsdmainutils:amd64 (9.0.6, automatic), libsqlite3-dev:amd64 (3.8.7.1-1+deb8u2), man-db:amd64 (2.7.0.2-5, automatic), libaprutil1:amd64 (1.5.4-1, automatic), libldap2-dev:amd64 (2.4.40+dfsg-1+deb8u3, automatic), libsctp-dev:amd64 (1.0.16+dfsg-2, automatic), libsctp1:amd64 (1.0.16+dfsg-2, automatic), dpkg-dev:amd64 (1.17.27, automatic), groff-base:amd64 (1.22.2-8, automatic), uuid-dev:amd64 (2.25.2-6, automatic), libpipeline1:amd64 (1.4.0-1, automatic), libexpat1-dev:amd64 (2.1.0-6+deb8u4, automatic), intltool-debian:amd64 (0.35.0+20060710.1, automatic), xz-utils:amd64 (5.1.1alpha+20120614-2+b3), debhelper:amd64 (9.20150101+deb8u2, automatic), apache2-dev:amd64 (2.4.10-10+deb8u12), libtinfo-dev:amd64 (5.9+20140913-1+deb8u2, automatic), autoconf2.13:amd64 (2.13-63), patch:amd64 (2.7.5-1, automatic), libreadline6-dev:amd64 (6.3-8+b3), bzip2:amd64 (1.0.6-7+b3, automatic), libaprutil1-dev:amd64 (1.5.4-1, automatic), libxml2-dev:amd64 (2.9.1+dfsg1-5+deb8u6), libssl-dev:amd64 (1.0.1t-1+deb8u8), libunistring0:amd64 (0.9.3-5.2+b1, automatic), libdpkg-perl:amd64 (1.17.27, automatic), librecode-dev:amd64 (3.6-21), po-debconf:amd64 (1.0.16+nmu3, automatic), libcroco3:amd64 (0.6.8-3+b1, automatic), gettext:amd64 (0.19.3-2, automatic), libapr1:amd64 (1.5.1-3, automatic), libasprintf0c2:amd64 (0.19.3-2, automatic), libcurl4-openssl-dev:amd64 (7.38.0-4+deb8u10), libexpat1:amd64 (2.1.0-6+deb8u4, automatic), libapr1-dev:amd64 (1.5.1-3, automatic)
End-Date: 2018-05-11  10:19:00

Start-Date: 2018-05-11  10:19:24
Commandline: apt-get install libjpeg-dev
Install: libjpeg62-turbo-dev:amd64 (1.3.1-12, automatic), libjpeg62-turbo:amd64 (1.3.1-12, automatic), libjpeg-dev:amd64 (1.3.1-12)
End-Date: 2018-05-11  10:19:27

Start-Date: 2018-05-11  10:56:52
Commandline: apt-get install -y apache2-dev autoconf2.13 libcurl4-openssl-dev libreadline6-dev librecode-dev libsqlite3-dev libssl-dev libxml2-dev libpng-dev xz-utils --no-install-recommends
Install: gettext-base:amd64 (0.19.3-2, automatic), libtimedate-perl:amd64 (2.3000-2, automatic), bsdmainutils:amd64 (9.0.6, automatic), libsqlite3-dev:amd64 (3.8.7.1-1+deb8u2), man-db:amd64 (2.7.0.2-5, automatic), libaprutil1:amd64 (1.5.4-1, automatic), libldap2-dev:amd64 (2.4.40+dfsg-1+deb8u3, automatic), libsctp-dev:amd64 (1.0.16+dfsg-2, automatic), libsctp1:amd64 (1.0.16+dfsg-2, automatic), dpkg-dev:amd64 (1.17.27, automatic), groff-base:amd64 (1.22.2-8, automatic), uuid-dev:amd64 (2.25.2-6, automatic), libpipeline1:amd64 (1.4.0-1, automatic), libexpat1-dev:amd64 (2.1.0-6+deb8u4, automatic), intltool-debian:amd64 (0.35.0+20060710.1, automatic), xz-utils:amd64 (5.1.1alpha+20120614-2+b3), debhelper:amd64 (9.20150101+deb8u2, automatic), apache2-dev:amd64 (2.4.10-10+deb8u12), libtinfo-dev:amd64 (5.9+20140913-1+deb8u2, automatic), autoconf2.13:amd64 (2.13-63), patch:amd64 (2.7.5-1, automatic), libreadline6-dev:amd64 (6.3-8+b3), bzip2:amd64 (1.0.6-7+b3, automatic), libaprutil1-dev:amd64 (1.5.4-1, automatic), libxml2-dev:amd64 (2.9.1+dfsg1-5+deb8u6), libssl-dev:amd64 (1.0.1t-1+deb8u8), libunistring0:amd64 (0.9.3-5.2+b1, automatic), libdpkg-perl:amd64 (1.17.27, automatic), librecode-dev:amd64 (3.6-21), po-debconf:amd64 (1.0.16+nmu3, automatic), libcroco3:amd64 (0.6.8-3+b1, automatic), gettext:amd64 (0.19.3-2, automatic), libapr1:amd64 (1.5.1-3, automatic), libasprintf0c2:amd64 (0.19.3-2, automatic), libcurl4-openssl-dev:amd64 (7.38.0-4+deb8u10), libexpat1:amd64 (2.1.0-6+deb8u4, automatic), libapr1-dev:amd64 (1.5.1-3, automatic)
End-Date: 2018-05-11  10:57:12

Start-Date: 2018-05-11  10:58:43
Commandline: apt-get install libjpeg-dev
Install: libjpeg62-turbo-dev:amd64 (1.3.1-12, automatic), libjpeg62-turbo:amd64 (1.3.1-12, automatic), libjpeg-dev:amd64 (1.3.1-12)
End-Date: 2018-05-11  10:58:46
